T3878 000:000.634   SEGGER J-Link V7.96j Log File
T3878 000:000.765   DLL Compiled: May 29 2024 15:36:36
T3878 000:000.772   Logging started @ 2024-08-13 04:49
T3878 000:000.780   Process: C:\Users\CuongVD\.eclipse\com.renesas.platform_1731436733\DebugComp\RA\e2-server-gdb.exe
T3878 000:000.788 - 0.786ms
T3878 000:000.803 JLINK_GetDLLVersion()
T3878 000:000.812 - 0.008ms returns 79610
T3878 000:001.564 JLINK_OpenEx(...)
T3878 000:006.847   Firmware: J-Link OB-S124 compiled Apr 23 2024 10:48:24
T3878 000:007.885   Firmware: J-Link OB-S124 compiled Apr 23 2024 10:48:24
T3878 000:032.202   Hardware: V1.00
T3878 000:032.230   S/N: 831540154
T3878 000:032.240   OEM: SEGGER
T3878 000:032.254   Feature(s): None
T3878 000:033.176   Bootloader: 2019 Oct 15
T3878 000:034.007   USB speed mode: Full speed (12 MBit/s)
T3878 000:034.676   TELNET listener socket opened on port 19021
T3878 000:034.839   WEBSRV WEBSRV_Init(): Starting webserver thread(s)
T3878 000:035.002   WEBSRV Webserver running on local port 19080
T3878 000:035.130   Looking for J-Link GUI Server exe at: C:\Users\CuongVD\.eclipse\com.renesas.platform_1731436733\DebugComp\RA\ARM\Segger_v7.96.10\JLinkGUIServer.exe
T3878 000:035.260   Looking for J-Link GUI Server exe at: C:\Program Files\SEGGER\JLink_V798a\JLinkGUIServer.exe
T3878 000:035.308   Forking J-Link GUI Server: C:\Program Files\SEGGER\JLink_V798a\JLinkGUIServer.exe
T3878 000:058.529   J-Link GUI Server info: "J-Link GUI server V7.98a "
T3878 000:060.722 - 59.153ms returns "O.K."
T3878 000:060.826 JLINK_ExecCommand("ProjectFile=C:\datdat\e2studio\pwm_uart/pwm_uart Debug_Flat.jlink", ...). 
T3878 000:079.651 - 18.827ms returns 0x00
T3878 000:080.238 JLINK_ExecCommand("device=R7FA4E10D", ...). 
T3878 000:081.346   Flash bank @ 0x0100A100: SFL: Parsing sectorization info from ELF file
T3878 000:081.371     FlashDevice.SectorInfo[0]: .SectorSize = 0x00000010, .SectorStartAddr = 0x00000000
T3878 000:081.382   FlashBank @0x0100A100: Sectorization info from SFL ELF file ignored because sectorization override from DLL / XML file is active.
T3878 000:081.620   Flash bank @ 0x60000000: SFL: Parsing sectorization info from ELF file
T3878 000:081.633     FlashDevice.SectorInfo[0]: .SectorSize = 0x00010000, .SectorStartAddr = 0x00000000
T3878 000:084.552   Device "R7FA4E10D" selected.
T3878 000:084.935 - 4.679ms returns 0x00
T3878 000:084.966 JLINK_TIF_GetAvailable(...)
T3878 000:085.320 - 0.357ms
T3878 000:085.336 JLINK_TIF_Select(JLINKARM_TIF_SWD)
T3878 000:086.268 - 0.931ms returns 0x00
T3878 000:086.297 JLINK_SetSpeed(4000)
T3878 000:086.466 - 0.174ms
T3878 000:086.542 JLINK_ReadMem(0xE000EDF0, 0x4 Bytes, ...)
T3878 000:086.799   ConfigTargetSettings() start
T3878 000:086.813    J-Link Script File: Executing ConfigTargetSettings()
T3878 000:086.826   Configuring FlashDLNoRMWThreshold=0x200 in order to make sure that option bytes programming is done via read-modify-write
T3878 000:098.440   ConfigTargetSettings() end - Took 11.6ms
T3878 000:098.466   InitTarget() start
T3878 000:098.477    J-Link Script File: Executing InitTarget()
T3878 000:098.486   SWD selected. Executing JTAG -> SWD switching sequence.
T3878 000:101.680   DAP initialized successfully.
T3878 000:101.698   Determining TrustZone configuration...
T3878 000:103.685     Secure Debug: Enabled (SSD)
T3878 000:103.712   Determining currently configured transfer type by reading the AHB-AP CSW register.
T3878 000:105.182     --> Correct transfer type configured. Done.
T3878 000:105.198   InitTarget() end - Took 6.72ms
T3878 000:106.232   Found SW-DP with ID 0x6BA02477
T3878 000:109.980   DPIDR: 0x6BA02477
T3878 000:109.995   CoreSight SoC-400 or earlier
T3878 000:110.006   Scanning AP map to find all available APs
T3878 000:111.775   AP[2]: Stopped AP scan as end of AP map has been reached
T3878 000:111.793   AP[0]: AHB-AP (IDR: 0x84770001)
T3878 000:111.803   AP[1]: APB-AP (IDR: 0x54770002)
T3878 000:111.813   Iterating through AP map to find AHB-AP to use
T3878 000:113.425   AP[0]: Core found
T3878 000:113.442   AP[0]: AHB-AP ROM base: 0xE00FE000
T3878 000:114.193   CPUID register: 0x410FD214. Implementer code: 0x41 (ARM)
T3878 000:114.213   Feature set: Mainline
T3878 000:114.936   Cache: No cache
T3878 000:114.954   Found Cortex-M33 r0p4, Little endian.
T3878 000:115.609   -- Max. mem block: 0x00001960
T3878 000:117.234   CPU_ReadMem(4 bytes @ 0xE000EDF0)
T3878 000:118.071   CPU_ReadMem(4 bytes @ 0xE0002000)
T3878 000:118.693   FPUnit: 8 code (BP) slots and 0 literal slots
T3878 000:118.708   CPU_ReadMem(4 bytes @ 0xE000EDFC)
T3878 000:119.280   CPU_ReadMem(4 bytes @ 0xE0001000)
T3878 000:119.897   CPU_ReadMem(4 bytes @ 0xE0001000)
T3878 000:120.446   CPU_ReadMem(4 bytes @ 0xE0001028)
T3878 000:121.011   CPU_ReadMem(4 bytes @ 0xE0001038)
T3878 000:121.673   CPU_ReadMem(4 bytes @ 0xE0001048)
T3878 000:122.235   CPU_ReadMem(4 bytes @ 0xE0001058)
T3878 000:122.795   CPU_WriteMem(4 bytes @ 0xE0001000)
T3878 000:123.397   CPU_ReadMem(4 bytes @ 0xE000ED88)
T3878 000:124.032   CPU_WriteMem(4 bytes @ 0xE000ED88)
T3878 000:124.658   CPU_ReadMem(4 bytes @ 0xE000ED88)
T3878 000:125.223   CPU_WriteMem(4 bytes @ 0xE000ED88)
T3878 000:125.880   CPU_ReadMem(4 bytes @ 0xE000EFB8)
T3878 000:126.449   Security extension: implemented
T3878 000:126.468   Secure debug: enabled
T3878 000:126.479   CoreSight components:
T3878 000:126.489   ROMTbl[0] @ E00FE000
T3878 000:126.499   CPU_ReadMem(64 bytes @ 0xE00FE000)
T3878 000:127.840   CPU_ReadMem(32 bytes @ 0xE0044FE0)
T3878 000:128.815   CPU_ReadMem(4 bytes @ 0xE0044FBC)
T3878 000:129.444   CPU_ReadMem(4 bytes @ 0xE0044FCC)
T3878 000:130.069   [0][0]: E0044000 CID B105900D PID 005BB906 DEVARCH 00000000 DEVTYPE 14 CTI (?)
T3878 000:130.084   CPU_ReadMem(32 bytes @ 0xE0047FE0)
T3878 000:131.073   CPU_ReadMem(4 bytes @ 0xE0047FBC)
T3878 000:131.743   CPU_ReadMem(4 bytes @ 0xE0047FCC)
T3878 000:132.331   [0][1]: E0047000 CID B105900D PID 003BB908 DEVARCH 00000000 DEVTYPE 12 CSTF
T3878 000:132.358   CPU_ReadMem(32 bytes @ 0xE0048FE0)
T3878 000:133.281   CPU_ReadMem(4 bytes @ 0xE0048FBC)
T3878 000:133.869   CPU_ReadMem(4 bytes @ 0xE0048FCC)
T3878 000:134.523   [0][2]: E0048000 CID B105900D PID 001BB961 DEVARCH 00000000 DEVTYPE 21 ETB
T3878 000:134.538   CPU_ReadMem(32 bytes @ 0xE0049FE0)
T3878 000:135.462   [0][3]: E0049000 CID B105F00D PID 001BB101 TSG
T3878 000:135.477   CPU_ReadMem(32 bytes @ 0xE0040FE0)
T3878 000:136.412   CPU_ReadMem(4 bytes @ 0xE0040FBC)
T3878 000:137.004   CPU_ReadMem(4 bytes @ 0xE0040FCC)
T3878 000:137.631   [0][4]: E0040000 CID B105900D PID 000BBD21 DEVARCH 00000000 DEVTYPE 11 TPIU
T3878 000:137.648   CPU_ReadMem(32 bytes @ 0xE00FFFE0)
T3878 000:138.572   [0][5]: E00FF000 CID B105100D PID 000BB4C9 ROM Table
T3878 000:138.588   ROMTbl[1] @ E00FF000
T3878 000:138.599   CPU_ReadMem(64 bytes @ 0xE00FF000)
T3878 000:139.998   CPU_ReadMem(32 bytes @ 0xE000EFE0)
T3878 000:141.017   CPU_ReadMem(4 bytes @ 0xE000EFBC)
T3878 000:141.631   CPU_ReadMem(4 bytes @ 0xE000EFCC)
T3878 000:142.217   [1][0]: E000E000 CID B105900D PID 000BBD21 DEVARCH 47702A04 DEVTYPE 00 Cortex-M33
T3878 000:142.234   CPU_ReadMem(32 bytes @ 0xE0001FE0)
T3878 000:143.219   CPU_ReadMem(4 bytes @ 0xE0001FBC)
T3878 000:143.793   CPU_ReadMem(4 bytes @ 0xE0001FCC)
T3878 000:144.392   [1][1]: E0001000 CID B105900D PID 000BBD21 DEVARCH 47701A02 DEVTYPE 00 DWT
T3878 000:144.411   CPU_ReadMem(32 bytes @ 0xE0002FE0)
T3878 000:145.329   CPU_ReadMem(4 bytes @ 0xE0002FBC)
T3878 000:145.873   CPU_ReadMem(4 bytes @ 0xE0002FCC)
T3878 000:146.509   [1][2]: E0002000 CID B105900D PID 000BBD21 DEVARCH 47701A03 DEVTYPE 00 FPB
T3878 000:146.527   CPU_ReadMem(32 bytes @ 0xE0000FE0)
T3878 000:147.448   CPU_ReadMem(4 bytes @ 0xE0000FBC)
T3878 000:148.166   CPU_ReadMem(4 bytes @ 0xE0000FCC)
T3878 000:148.711   [1][3]: E0000000 CID B105900D PID 000BBD21 DEVARCH 47701A01 DEVTYPE 43 ITM
T3878 000:148.726   CPU_ReadMem(32 bytes @ 0xE0041FE0)
T3878 000:149.660   CPU_ReadMem(4 bytes @ 0xE0041FBC)
T3878 000:150.269   CPU_ReadMem(4 bytes @ 0xE0041FCC)
T3878 000:150.849   [1][5]: E0041000 CID B105900D PID 002BBD21 DEVARCH 47724A13 DEVTYPE 13 ETM
T3878 000:150.872   CPU_ReadMem(32 bytes @ 0xE0042FE0)
T3878 000:151.781   CPU_ReadMem(4 bytes @ 0xE0042FBC)
T3878 000:152.452   CPU_ReadMem(4 bytes @ 0xE0042FCC)
T3878 000:153.049   [1][6]: E0042000 CID B105900D PID 000BBD21 DEVARCH 47701A14 DEVTYPE 14 CSS600-CTI
T3878 000:153.108   CPU_ReadMem(4 bytes @ 0xE000EDF0)
T3878 000:153.703   Data:  03 00 13 00
T3878 000:153.718   Debug reg: DHCSR
T3878 000:153.728 - 67.186ms returns 0
T3878 000:153.750 JLINK_ReadMem(0x400E002C, 0x4 Bytes, ...)
T3878 000:153.761   CPU_ReadMem(4 bytes @ 0x400E002C)
T3878 000:154.331   Data:  02 00 00 00
T3878 000:154.346 - 0.596ms returns 0
T3878 000:154.419 JLINK_ReadMem(0xE000EDF0, 0x4 Bytes, ...)
T3878 000:154.435   CPU_ReadMem(4 bytes @ 0xE000EDF0)
T3878 000:155.002   Data:  03 00 13 00
T3878 000:155.017   Debug reg: DHCSR
T3878 000:155.027 - 0.607ms returns 0
T3878 000:155.048 JLINK_ReadMem(0xE000EDF0, 0x4 Bytes, ...)
T3878 000:155.059   CPU_ReadMem(4 bytes @ 0xE000EDF0)
T3878 000:155.648   Data:  03 00 13 00
T3878 000:155.662   Debug reg: DHCSR
T3878 000:155.672 - 0.623ms returns 0
T3878 000:155.683 JLINK_ReadMem(0x400E001C, 0x4 Bytes, ...)
T3878 000:155.693   CPU_ReadMem(4 bytes @ 0x400E001C)
T3878 000:156.280   Data:  00 58 00 00
T3878 000:156.294 - 0.611ms returns 0
T3878 000:156.308 JLINK_ReadMem(0xE000EDF0, 0x4 Bytes, ...)
T3878 000:156.318   CPU_ReadMem(4 bytes @ 0xE000EDF0)
T3878 000:156.911   Data:  03 00 13 00
T3878 000:156.925   Debug reg: DHCSR
T3878 000:156.935 - 0.627ms returns 0
T3878 000:156.946 JLINK_ReadMem(0x400E0018, 0x4 Bytes, ...)
T3878 000:156.956   CPU_ReadMem(4 bytes @ 0x400E0018)
T3878 000:157.521   Data:  00 80 00 00
T3878 000:157.535 - 0.589ms returns 0
T3878 000:157.549 JLINK_ReadMem(0xE000EDF0, 0x4 Bytes, ...)
T3878 000:157.559   CPU_ReadMem(4 bytes @ 0xE000EDF0)
T3878 000:158.176   Data:  03 00 13 00
T3878 000:158.190   Debug reg: DHCSR
T3878 000:158.200 - 0.651ms returns 0
T3878 000:158.211 JLINK_ReadMem(0x400E0020, 0x4 Bytes, ...)
T3878 000:158.221   CPU_ReadMem(4 bytes @ 0x400E0020)
T3878 000:158.777   Data:  00 00 00 00
T3878 000:158.792 - 0.581ms returns 0
T3878 000:158.806 JLINK_ReadMem(0xE000EDF0, 0x4 Bytes, ...)
T3878 000:158.816   CPU_ReadMem(4 bytes @ 0xE000EDF0)
T3878 000:159.383   Data:  03 00 13 00
T3878 000:159.397   Debug reg: DHCSR
T3878 000:159.407 - 0.601ms returns 0
T3878 000:159.418 JLINK_ReadMem(0x400E0028, 0x4 Bytes, ...)
T3878 000:159.428   CPU_ReadMem(4 bytes @ 0x400E0028)
T3878 000:159.987   Data:  00 2C 00 00
T3878 000:160.001 - 0.583ms returns 0
T3878 000:160.015 JLINK_ReadMem(0xE000EDF0, 0x4 Bytes, ...)
T3878 000:160.025   CPU_ReadMem(4 bytes @ 0xE000EDF0)
T3878 000:160.704   Data:  03 00 13 00
T3878 000:160.722   Debug reg: DHCSR
T3878 000:160.733 - 0.717ms returns 0
T3878 000:160.745 JLINK_ReadMem(0x400E0024, 0x4 Bytes, ...)
T3878 000:160.757   CPU_ReadMem(4 bytes @ 0x400E0024)
T3878 000:161.323   Data:  00 40 00 00
T3878 000:161.338 - 0.593ms returns 0
T3878 000:161.353 JLINK_ReadMem(0xE000EDF0, 0x4 Bytes, ...)
T3878 000:161.364   CPU_ReadMem(4 bytes @ 0xE000EDF0)
T3878 000:162.013   Data:  03 00 13 00
T3878 000:162.028   Debug reg: DHCSR
T3878 000:162.048 - 0.695ms returns 0
T3878 000:162.059 JLINK_ReadMem(0x400E002C, 0x4 Bytes, ...)
T3878 000:162.078   CPU_ReadMem(4 bytes @ 0x400E002C)
T3878 000:162.653   Data:  02 00 00 00
T3878 000:162.673 - 0.614ms returns 0
T3878 000:162.699 JLINK_ReadMem(0xE000EDF0, 0x4 Bytes, ...)
T3878 000:162.726   CPU_ReadMem(4 bytes @ 0xE000EDF0)
T3878 000:163.327   Data:  03 00 13 00
T3878 000:163.342   Debug reg: DHCSR
T3878 000:163.353 - 0.653ms returns 0
T3878 000:163.364 JLINK_ReadMem(0x400E002C, 0x4 Bytes, ...)
T3878 000:163.375   CPU_ReadMem(4 bytes @ 0x400E002C)
T3878 000:163.943   Data:  02 00 00 00
T3878 000:163.958 - 0.594ms returns 0
T3878 000:173.272 JLINK_Close()
T3878 000:188.391 - 15.117ms
T3878 000:188.413   
T3878 000:188.420   Closed
